<?xml version="1.0" encoding="UTF-8"?>
<testsuite name="VisitorTest" tests="1" skipped="0" failures="0" errors="0" timestamp="2020-01-21T18:37:27" hostname="kali" time="0.018">
  <properties/>
  <testcase name="readNonExistingFileError()" classname="VisitorTest" time="0.018"/>
  <system-out><![CDATA[2020-01-21 20:37:27,123 | Visitor: visitor_nonexistingfile.txt (No such file or directory)
]]></system-out>
  <system-err><![CDATA[]]></system-err>
</testsuite>
